Log file open, 06/12/15 19:40:40
LogInit:Display: Running engine for game: LSLGame
LogInit: Version: 4.7.6-2513093+++depot+UE4-Releases+4.7
LogInit: API Version: 2455222
LogInit: Compiled (64-bit): Apr 15 2015 12:09:54
LogInit: Compiled with Visual C++: 18.00.21005.01
LogInit: Build Configuration: Development
LogInit: Branch Name: ++depot+UE4-Releases+4.7
LogInit: Command line: 
LogInit: Base directory: E:/UnrealEngine4/Epic Games/4.7/Engine/Binaries/Win64/
LogInit: Rocket: 1
[2015.06.12-11.40.40:398][  0]LogTaskGraph: Started task graph with 3 named threads and 4 total threads.
[2015.06.12-11.40.40:449][  0]LogOnline:Warning: No default platform service specified for OnlineSubsystem
[2015.06.12-11.40.40:463][  0]LogInit: Presizing for 0 objects not considered by GC, pre-allocating 0 bytes.
[2015.06.12-11.40.40:475][  0]LogInit: Object subsystem initialized
[2015.06.12-11.40.40:479][  0]LogInit: Selected Device Profile: [Windows]
[2015.06.12-11.40.40:479][  0]LogInit: Applying CVar settings loaded from the selected device profile: [Windows]
[2015.06.12-11.40.40:485][  0]LogInit: Computer: PC201501221951
[2015.06.12-11.40.40:485][  0]LogInit: User: Administrator
[2015.06.12-11.40.40:485][  0]LogInit: CPU Page size=4096, Cores=2
[2015.06.12-11.40.40:485][  0]LogInit: High frequency timer resolution =2.435947 MHz
[2015.06.12-11.40.40:485][  0]LogMemory: Memory total: Physical=7.9GB (8GB approx) Virtual=8192.0GB
[2015.06.12-11.40.40:485][  0]LogMemory: Platform Memory Stats for Windows
[2015.06.12-11.40.40:485][  0]LogMemory: Process Physical Memory: 47.51 MB used, 47.51 MB peak
[2015.06.12-11.40.40:485][  0]LogMemory: Process Virtual Memory: 25.33 MB used, 25.33 MB peak
[2015.06.12-11.40.40:485][  0]LogMemory: Physical Memory: 2948.28 MB used, 8090.36 MB total
[2015.06.12-11.40.40:485][  0]LogMemory: Virtual Memory: 279.39 MB used, 8388608.00 MB total
[2015.06.12-11.40.40:509][  0]LogD3D11RHI: Found D3D11 adapter 0: Intel(R) HD Graphics 4000 (Feature Level 11_0)
[2015.06.12-11.40.40:509][  0]LogD3D11RHI: Adapter has 1071MB of dedicated video memory, 0MB of dedicated system memory, and 3789MB of shared system memory, 1 output[s]
[2015.06.12-11.40.40:509][  0]LogD3D11RHI: Chosen D3D11 Adapter Id = 0
[2015.06.12-11.40.40:514][  0]LogRHI: Texture pool is 1361 MB (70% of 1945 MB)
[2015.06.12-11.40.40:520][  0]LogD3D11RHI: Async texture creation enabled
[2015.06.12-11.40.40:569][  0]LogTextLocalizationManager: The requested culture ('en') has no localization data; parent culture's ('zh_CN') localization data will be used.
[2015.06.12-11.40.40:692][  0]LogTextLocalizationManager:Warning: Loading localization resources contain conflicting entries for (Namespace:UICommands, Key:Save_ToolTip):
Resource: (E:/UnrealEngine4/Epic Games/4.7/Engine/Content/Localization/Editor/en/Editor.locres) Hash: (-29098895) String: (Saves the current level to disk)
Resource: (E:/UnrealEngine4/Epic Games/4.7/Engine/Content/Localization/Engine/en/Engine.locres) Hash: (-1280300587) String: (Save selected data to vlog file)
[2015.06.12-11.40.40:692][  0]LogTextLocalizationManager:Warning: Loading localization resources contain conflicting entries for (Namespace:ContentBrowser, Key:ImportAssetToolTip):
Resource: (E:/UnrealEngine4/Epic Games/4.7/Engine/Content/Localization/Editor/en/Editor.locres) Hash: (-630476809) String: (Import to {0}...)
Resource: (E:/UnrealEngine4/Epic Games/4.7/Engine/Content/Localization/Editor/en/Editor.locres) Hash: (1271782899) String: (Imports an asset from file to this folder.)
[2015.06.12-11.40.40:793][  0]LogContentStreaming: Texture pool size is 0.000000MB
[2015.06.12-11.40.43:498][  0]LogTargetPlatformManager:Display: Building Assets For Windows
[2015.06.12-11.40.44:053][  0]LogTargetPlatformManager:Display: Building Assets For Windows
[2015.06.12-11.40.44:122][  0]LogDerivedDataCache:Display: Max Cache Size: 512 MB
[2015.06.12-11.40.44:164][  0]LogDerivedDataCache: Loaded boot cache 0.04s 39MB C:/Users/Administrator/AppData/Local/UnrealEngine/4.7/DerivedDataCache/Boot.ddc.
[2015.06.12-11.40.44:164][  0]LogDerivedDataCache:Display: Loaded Boot cache: C:/Users/Administrator/AppData/Local/UnrealEngine/4.7/DerivedDataCache/Boot.ddc
[2015.06.12-11.40.44:164][  0]LogDerivedDataCache: FDerivedDataBackendGraph:  Pak pak cache file d:/Documents/Unreal Projects/LSLGame/DerivedDataCache/DDC.ddp not found, will not use a pak cache.
[2015.06.12-11.40.44:164][  0]LogDerivedDataCache: Unable to find inner node Pak for hierarchical cache Hierarchy.
[2015.06.12-11.40.44:314][  0]LogDerivedDataCache:Display: Pak cache opened for reading ../../../Engine/DerivedDataCache/Compressed.ddp.
[2015.06.12-11.40.44:326][  0]LogDerivedDataCache: Using Local data cache path C:/Users/Administrator/AppData/Local/UnrealEngine/Common/DerivedDataCache: Writable
[2015.06.12-11.40.44:730][  0]LogMeshUtilities: No automatic mesh reduction module available
[2015.06.12-11.40.44:730][  0]LogMeshUtilities: No automatic mesh merging module available
[2015.06.12-11.40.45:149][  0]LogInit: WinSock: version 1.1 (2.2), MaxSocks=32767, MaxUdp=65467
[2015.06.12-11.40.45:236][  0]LogSlate:Warning: Failed to load font data from '../../../Engine/Content/Slate/Fonts/Roboto-Italic.ttf'
[2015.06.12-11.40.46:184][  0]UdpMessaging: Initializing bridge on interface 0.0.0.0:0 to multicast group 230.0.0.1:6666.
[2015.06.12-11.40.46:460][  0]SourceControl: Info Source control is disabled
[2015.06.12-11.40.46:460][  0]SourceControl: Info Source control is disabled
[2015.06.12-11.40.46:460][  0]SourceControl: Info Source control is disabled
[2015.06.12-11.40.46:461][  0]LogSourceControl: RunCommandInternalRaw: 'git version'
[2015.06.12-11.40.46:461][  0]LogSourceControl: RunCommandInternalRaw: ExecProcess ReturnCode=2 OutResults=''
[2015.06.12-11.40.46:474][  0]SourceControl: Info Source control is disabled
[2015.06.12-11.40.46:693][  0]LogObj: 24232 objects as part of root set at end of initial load.
[2015.06.12-11.40.46:693][  0]LogUObjectAllocator: 5137168 out of 0 bytes used by permanent object pool.
[2015.06.12-11.40.46:800][  0]LogEngine: Initializing Engine...
[2015.06.12-11.40.49:021][  0]LogInit: XAudio2 using '扬声器/耳机 (IDT High Definition Audio CODEC)' : 2 channels at 48 kHz using 16 bits per sample (channel mask 0x3)
[2015.06.12-11.40.49:113][  0]LogInit: FAudioDevice initialized.
[2015.06.12-11.40.49:178][  0]LogAIModule: Creating AISystem for world NewWorld
[2015.06.12-11.40.49:221][  0]LogDerivedDataCache: Saved boot cache 0.04s 39MB C:/Users/Administrator/AppData/Local/UnrealEngine/4.7/DerivedDataCache/Boot.ddc.
[2015.06.12-11.40.49:224][  0]LogInit: Texture streaming: Enabled
[2015.06.12-11.40.49:334][  0]LogAnalytics: Creating configured Analytics provider AnalyticsET
[2015.06.12-11.40.49:334][  0]LogAnalytics: ET APIKey = Rocket.Release. APIServer = http://et2.epicgames.com/ET2/. AppVersion = 4.7.6-2513093+++depot+UE4-Releases+4.7
[2015.06.12-11.40.49:334][  0]LogAnalytics: ET APIKey = Rocket.Release. DataRouterUploadURL = https://datarouter-public-service-gamedev.ol.epicgames.net/datarouter/api/v1/public/data. AppVersion = 4.7.6-2513093+++depot+UE4-Releases+4.7
[2015.06.12-11.40.49:334][  0]LogAnalytics: SetUserId 8eecf5e34f10441dbbd8b7b6e9cef21d|57796e99f93b416d833f00f663f95934|7919e843-469e-437f-ba37-0772f10cf632
[2015.06.12-11.40.49:334][  0]LogAnalytics: AnalyticsET::StartSession [Rocket.Release]
[2015.06.12-11.40.49:384][  0]LogInit: Transaction tracking system initialized
[2015.06.12-11.40.49:584][  0]BlueprintLog: New page: Editor Load
[2015.06.12-11.40.49:619][  0]LogAssetRegistry: FAssetRegistry took 0.0102 seconds to start up
[2015.06.12-11.40.49:619][  0]LogDirectoryWatcher:Warning: Failed to begin reading directory changes for ../../../Engine/Plugins/Experimental/CharacterAI/Content/. Error: 0
[2015.06.12-11.40.50:340][  0]LogTargetPlatformManager:Display: Building Assets For Windows
[2015.06.12-11.40.50:746][  0]LogTargetPlatformManager:Display: Building Assets For Windows
[2015.06.12-11.40.55:817][  0]LogLinker:Warning: Asset '../../../Engine/Content/Tutorial/Mobile/SettingUpAndroidT